make all --print-data-base --no-builtin-variables --no-builtin-rules --question
# GNU Make 4.3
# Built for x86_64-pc-linux-gnu
# Copyright (C) 1988-2020 Free Software Foundation, Inc.
# License GPLv3+: GNU GPL version 3 or later <http://gnu.org/licenses/gpl.html>
# This is free software: you are free to change and redistribute it.
# There is NO WARRANTY, to the extent permitted by law.

# Make data base, printed on Sun Feb 19 16:59:24 2023

# Variables

# environment
LC_ALL = C
# environment
VSCODE_CWD = /home/nburzyn1
# default
MAKE_COMMAND := make
# environment
VSCODE_HANDLES_SIGPIPE = true
# automatic
@D = $(patsubst %/,%,$(dir $@))
# environment
VSCODE_HANDLES_UNCAUGHT_ERRORS = true
# default
.VARIABLES := 
# environment
PWD = /home/nburzyn1/240-SI/Week4
# automatic
%D = $(patsubst %/,%,$(dir $%))
# automatic
^D = $(patsubst %/,%,$(dir $^))
# automatic
%F = $(notdir $%)
# environment
LANG = C
# default
.LOADED := 
# default
.INCLUDE_DIRS = /usr/local/include /usr/include /usr/include
# makefile
MAKEFLAGS = pqrR
# makefile
CURDIR := /home/nburzyn1/240-SI/Week4
# environment
APPLICATION_INSIGHTS_NO_DIAGNOSTIC_CHANNEL = 1
# automatic
*D = $(patsubst %/,%,$(dir $*))
# environment
MFLAGS = -pqrR
# default
.SHELLFLAGS := -c
# automatic
+D = $(patsubst %/,%,$(dir $+))
# makefile (from 'makefile', line 1)
MAKEFILE_LIST := makefile
# automatic
@F = $(notdir $@)
# environment
KRB5CCNAME = FILE:/tmp/krb5cc_14683_q0VyPqu5dq
# environment
XDG_SESSION_TYPE = tty
# automatic
?D = $(patsubst %/,%,$(dir $?))
# automatic
*F = $(notdir $*)
# environment
DBUS_SESSION_BUS_ADDRESS = unix:path=/run/user/14683/bus
# automatic
<D = $(patsubst %/,%,$(dir $<))
# environment
VSCODE_NLS_CONFIG = {"locale":"en","availableLanguages":{}}
# default
MAKE_HOST := x86_64-pc-linux-gnu
# makefile
SHELL = /bin/sh
# default
MAKECMDGOALS := all
# environment
SHLVL = 0
# environment
MAKELEVEL := 0
# default
MAKE = $(MAKE_COMMAND)
# environment
PATH = /home/nburzyn1/.vscode-server/bin/441438abd1ac652551dbe4d408dfcec8a499b8bf/bin/remote-cli:/home/nburzyn1/.cargo/bin:/usr/local/bin:/usr/bin:/bin:/usr/games
# default
MAKEFILES := 
# environment
MOTD_SHOWN = pam
# automatic
^F = $(notdir $^)
# environment
SSH_CLIENT = 52.124.42.41 59269 22
# automatic
?F = $(notdir $?)
# automatic
+F = $(notdir $+)
# 'override' directive
GNUMAKEFLAGS := 
# environment
BROWSER = /home/nburzyn1/.vscode-server/bin/441438abd1ac652551dbe4d408dfcec8a499b8bf/bin/helpers/browser.sh
# environment
LOGNAME = nburzyn1
# makefile
.DEFAULT_GOAL := all
# environment
USER = nburzyn1
# default
MAKE_VERSION := 4.3
# environment
VSCODE_AGENT_FOLDER = /home/nburzyn1/.vscode-server
# environment
_ = /home/nburzyn1/.vscode-server/bin/441438abd1ac652551dbe4d408dfcec8a499b8bf/bin/code-server
# environment
XDG_RUNTIME_DIR = /run/user/14683
# environment
VSCODE_IPC_HOOK_CLI = /run/user/14683/vscode-ipc-23ef0bc7-4d8e-47b1-ab60-95d23cc23a30.sock
# environment
XDG_SESSION_CLASS = user
# environment
VSCODE_AMD_ENTRYPOINT = vs/workbench/api/node/extensionHostProcess
# environment
HOME = /home/nburzyn1
# environment
ELECTRON_RUN_AS_NODE = 1
# environment
XDG_SESSION_ID = 536359
# default
.RECIPEPREFIX := 
# automatic
<F = $(notdir $<)
# default
SUFFIXES := 
# default
.FEATURES := target-specific order-only second-expansion else-if shortest-stem undefine oneshell nocomment grouped-target extra-prereqs archives jobserver output-sync check-symlink load
# environment
SSH_CONNECTION = 52.124.42.41 59269 128.226.114.206 22
# variable set hash-table stats:
# Load=63/1024=6%, Rehash=0, Collisions=1/96=1%

# Pattern-specific Variable Values

# No pattern-specific variable values.

# Directories

# . (device 57, inode 109731883050): 15 files, no impossibilities.

# 15 files, no impossibilities in 1 directories.

# Implicit Rules

# No implicit rules.

# Files

# Not a target:
OperationCounter.h:
#  Implicit rule search has been done.
#  Last modified 2023-02-19 16:21:19.352737344
#  File has been updated.
#  Successfully updated.

# Not a target:
OperationCounter.cpp:
#  Implicit rule search has not been done.
#  Modification time never checked.
#  File has not been updated.

clean:
#  Implicit rule search has not been done.
#  Modification time never checked.
#  File has not been updated.
#  recipe to execute (from 'makefile', line 16):
	rm -f *.o main

# Not a target:
.DEFAULT:
#  Implicit rule search has not been done.
#  Modification time never checked.
#  File has not been updated.

# Not a target:
My_arr.h:
#  Implicit rule search has been done.
#  Last modified 2023-02-19 16:19:47.629078784
#  File has been updated.
#  Successfully updated.

all: main
#  Command line target.
#  Implicit rule search has been done.
#  File does not exist.
#  File has been updated.
#  Needs to be updated (-q is set).
# variable set hash-table stats:
# Load=0/32=0%, Rehash=0, Collisions=0/3=0%

# Not a target:
main.cpp:
#  Implicit rule search has been done.
#  Last modified 2023-02-19 16:38:12.18096663
#  File has been updated.
#  Successfully updated.

main: main.o OperationCounter.o My_arr.o
#  Implicit rule search has not been done.
#  Last modified 2023-02-19 16:37:58.669016962
#  File has been updated.
#  Needs to be updated (-q is set).
# variable set hash-table stats:
# Load=0/32=0%, Rehash=0, Collisions=0/3=0%
#  recipe to execute (from 'makefile', line 4):
	g++ main.o OperationCounter.o My_arr.o -o main

main.o: main.cpp OperationCounter.h My_arr.h
#  Implicit rule search has not been done.
#  Implicit/static pattern stem: ''
#  Last modified 2023-02-19 16:37:22.921150129
#  File has been updated.
#  Needs to be updated (-q is set).
# automatic
# @ := main.o
# automatic
# * := 
# automatic
# < := main.cpp
# automatic
# + := main.cpp OperationCounter.h My_arr.h
# automatic
# % := 
# automatic
# ^ := main.cpp OperationCounter.h My_arr.h
# automatic
# ? := main.cpp
# automatic
# | := 
# variable set hash-table stats:
# Load=8/32=25%, Rehash=0, Collisions=1/11=9%
#  recipe to execute (from 'makefile', line 7):
	g++ -c main.cpp

OperationCounter.o: OperationCounter.cpp OperationCounter.h
#  Implicit rule search has not been done.
#  Modification time never checked.
#  File has not been updated.
#  recipe to execute (from 'makefile', line 13):
	g++ -c OperationCounter.cpp

# Not a target:
makefile:
#  Implicit rule search has been done.
#  Last modified 2023-02-18 10:59:56.920998213
#  File has been updated.
#  Successfully updated.

My_arr.o: My_arr.cpp My_arr.h
#  Implicit rule search has not been done.
#  Modification time never checked.
#  File has not been updated.
#  recipe to execute (from 'makefile', line 10):
	g++ -c My_arr.cpp

# Not a target:
.SUFFIXES:
#  Implicit rule search has not been done.
#  Modification time never checked.
#  File has not been updated.

# Not a target:
My_arr.cpp:
#  Implicit rule search has not been done.
#  Modification time never checked.
#  File has not been updated.

# files hash-table stats:
# Load=14/1024=1%, Rehash=0, Collisions=2/41=5%
# VPATH Search Paths

# No 'vpath' search paths.

# No general ('VPATH' variable) search path.

# strcache buffers: 1 (0) / strings = 21 / storage = 215 B / avg = 10 B
# current buf: size = 8162 B / used = 215 B / count = 21 / avg = 10 B

# strcache performance: lookups = 48 / hit rate = 56%
# hash-table stats:
 
# Load=21/8192=0%, Rehash=0, Collisions=0/48=0%
# Finished Make data base on Sun Feb 19 16:59:24 2023

 
